<?xml version="1.0" encoding="UTF-8"?>
<!-- Generated by org.testng.reporters.JUnitReportReporter -->
<testsuite hostname="DESKTOP-H5UHKH7" failures="0" tests="1" name="priyaseleniumlearning.tests.ErrorValidation" time="3.827" errors="0" timestamp="2025-04-14T19:30:45 IST" skipped="0">
  <testcase classname="priyaseleniumlearning.tests.ErrorValidation" name="submitOrder" time="3.827"/>
</testsuite> <!-- priyaseleniumlearning.tests.ErrorValidation -->
