<?xml version="1.0" encoding="UTF-8"?>
<!-- Generated by org.testng.reporters.JUnitReportReporter -->
<testsuite hostname="DESKTOP-H5UHKH7" failures="0" tests="1" name="cucumber.TestngTestRunner" time="10.535" errors="0" timestamp="2025-07-03T14:48:11 IST" skipped="0">
  <testcase classname="cucumber.TestngTestRunner" name="runScenario" time="10.535"/>
</testsuite> <!-- cucumber.TestngTestRunner -->
